<?xml version="1.0" encoding="UTF-8"?>
<testsuite name="SumNumberTest" tests="2" skipped="0" failures="0" errors="0" timestamp="2020-06-04T14:12:13" hostname="Alice-SVT.local" time="0.004">
  <properties/>
  <testcase name="sumOf1to100" classname="SumNumberTest" time="0.004"/>
  <testcase name="sumOf0to1" classname="SumNumberTest" time="0.0"/>
  <system-out><![CDATA[]]></system-out>
  <system-err><![CDATA[]]></system-err>
</testsuite>
